<?xml version="1.0" encoding="UTF-8"?>
<!-- Generated by org.testng.reporters.JUnitXMLReporter -->
<testsuite ignored="0" hostname="DESKTOP-72J7IOT" failures="0" tests="4" name="Default test" time="4.561" errors="0" timestamp="2022-11-16T11:38:24 IST">
  <testcase classname="Data_Driven_Testing.TC1_DD_addingNewEmployees" name="post_new_employees" time="1.967"/>
  <testcase classname="Data_Driven_Testing.TC1_DD_addingNewEmployees" name="post_new_employees" time="0.573"/>
  <testcase classname="Data_Driven_Testing.TC1_DD_addingNewEmployees" name="post_new_employees" time="0.565"/>
  <testcase classname="Data_Driven_Testing.TC1_DD_addingNewEmployees" name="post_new_employees" time="0.548"/>
</testsuite> <!-- Default test -->
